<!DOCTYPE html PUBLIC "-//W3C//DTD XHTML 1.1//EN" "http://www.w3.org/TR/xhtml11/DTD/xhtml11.dtd">
<html xmlns="http://www.w3.org/1999/xhtml">
<head>
<meta http-equiv="content-type" content="text/html; charset=UTF-8"/>
<title>TestNG Report</title>
<style type="text/css">table {margin-bottom:10px;border-collapse:collapse;empty-cells:show}th,td {border:1px solid #009;padding:.25em .5em}th {vertical-align:bottom}td {vertical-align:top}table a {font-weight:bold}.stripe td {background-color: #E6EBF9}.num {text-align:right}.passedodd td {background-color: #3F3}.passedeven td {background-color: #0A0}.skippedodd td {background-color: #DDD}.skippedeven td {background-color: #CCC}.failedodd td,.attn {background-color: #F33}.failedeven td,.stripe .attn {background-color: #D00}.stacktrace {white-space:pre;font-family:monospace}.totop {font-size:85%;text-align:center;border-bottom:2px solid #000}.invisible {display:none}</style>
</head>
<body>
<table>
<tr><th>Test</th><th># Passed</th><th># Skipped</th><th># Failed</th><th>Time (ms)</th><th>Included Groups</th><th>Excluded Groups</th></tr>
<tr><th colspan="7">AT_Email:Suite</th></tr>
<tr><th colspan="7">AT_Email:Suite (0)</th></tr>
<tr><td><a href="#t0">Corpuscular Runner: Login</a></td><td class="num">1</td><td class="num">0</td><td class="num">0</td><td class="num">18,025</td><td></td><td></td></tr>
<tr class="stripe"><td><a href="#t1">Corpuscular Runner: New Letter Save in Draft</a></td><td class="num">2</td><td class="num">0</td><td class="num">0</td><td class="num">33,575</td><td></td><td></td></tr>
<tr><td><a href="#t2">Corpuscular Runner: Verify the letter and send it</a></td><td class="num">3</td><td class="num">0</td><td class="num">0</td><td class="num">28,584</td><td></td><td></td></tr>
<tr class="stripe"><td><a href="#t3">Corpuscular Runner: Check draft letters folder</a></td><td class="num">4</td><td class="num">0</td><td class="num">0</td><td class="num">33,280</td><td></td><td></td></tr>
<tr><td><a href="#t4">Corpuscular Runner: Check SentLetters folder</a></td><td class="num">4</td><td class="num">0</td><td class="num attn">1</td><td class="num">61,876</td><td></td><td></td></tr>
<tr class="stripe"><td><a href="#t5">Corpuscular Runner: Log out</a></td><td class="num">4</td><td class="num attn">1</td><td class="num attn">1</td><td class="num">61,945</td><td></td><td></td></tr>
<tr><th>Total</th><th class="num">18</th><th class="num attn">1</th><th class="num attn">2</th><th class="num">237,285</th><th colspan="2"></th></tr>
</table>
<table id='summary'><thead><tr><th>Class</th><th>Method</th><th>Start</th><th>Time (ms)</th></tr></thead><tbody><tr><th colspan="4">AT_Email:Suite</th></tr></tbody><tbody><tr><th colspan="4">AT_Email:Suite (0)</th></tr></tbody><tbody id="t0"><tr><th colspan="4">Corpuscular Runner: Login &#8212; passed</th></tr><tr class="passedeven"><td rowspan="1">Tests.TestsRunner</td><td><a href="#m0">login</a></td><td rowspan="1">1558932685706</td><td rowspan="1">4622</td></tr></tbody>
<tbody id="t1"><tr><th colspan="4">Corpuscular Runner: New Letter Save in Draft &#8212; passed</th></tr><tr class="passedeven"><td rowspan="2">Tests.TestsRunner</td><td><a href="#m1">login</a></td><td rowspan="1">1558932699666</td><td rowspan="1">6156</td></tr><tr class="passedeven"><td><a href="#m2">newLetterSavedInDraft</a></td><td rowspan="1">1558932705823</td><td rowspan="1">16133</td></tr></tbody>
<tbody id="t2"><tr><th colspan="4">Corpuscular Runner: Verify the letter and send it &#8212; passed</th></tr><tr class="passedeven"><td rowspan="3">Tests.TestsRunner</td><td><a href="#m3">login</a></td><td rowspan="1">1558932732477</td><td rowspan="1">4142</td></tr><tr class="passedeven"><td><a href="#m4">newLetterSavedInDraft</a></td><td rowspan="1">1558932736620</td><td rowspan="1">13947</td></tr><tr class="passedeven"><td><a href="#m5">verifyAndSendDraft</a></td><td rowspan="1">1558932750567</td><td rowspan="1">1803</td></tr></tbody>
<tbody id="t3"><tr><th colspan="4">Corpuscular Runner: Check draft letters folder &#8212; passed</th></tr><tr class="passedeven"><td rowspan="4">Tests.TestsRunner</td><td><a href="#m6">checkDraftFolder</a></td><td rowspan="1">1558932782658</td><td rowspan="1">3071</td></tr><tr class="passedeven"><td><a href="#m7">login</a></td><td rowspan="1">1558932761273</td><td rowspan="1">4192</td></tr><tr class="passedeven"><td><a href="#m8">newLetterSavedInDraft</a></td><td rowspan="1">1558932765465</td><td rowspan="1">15273</td></tr><tr class="passedeven"><td><a href="#m9">verifyAndSendDraft</a></td><td rowspan="1">1558932780739</td><td rowspan="1">1915</td></tr></tbody>
<tbody id="t4"><tr><th colspan="4">Corpuscular Runner: Check SentLetters folder &#8212; failed</th></tr><tr class="failedeven"><td rowspan="1">Tests.TestsRunner</td><td><a href="#m10">checkSentLetterFolder</a></td><td rowspan="1">1558932817151</td><td rowspan="1">30662</td></tr><tr><th colspan="4">Corpuscular Runner: Check SentLetters folder &#8212; passed</th></tr><tr class="passedeven"><td rowspan="4">Tests.TestsRunner</td><td><a href="#m11">checkDraftFolder</a></td><td rowspan="1">1558932815631</td><td rowspan="1">1520</td></tr><tr class="passedeven"><td><a href="#m12">login</a></td><td rowspan="1">1558932794762</td><td rowspan="1">4325</td></tr><tr class="passedeven"><td><a href="#m13">newLetterSavedInDraft</a></td><td rowspan="1">1558932799088</td><td rowspan="1">15074</td></tr><tr class="passedeven"><td><a href="#m14">verifyAndSendDraft</a></td><td rowspan="1">1558932814163</td><td rowspan="1">1467</td></tr></tbody>
<tbody id="t5"><tr><th colspan="4">Corpuscular Runner: Log out &#8212; failed</th></tr><tr class="failedeven"><td rowspan="1">Tests.TestsRunner</td><td><a href="#m15">checkSentLetterFolder</a></td><td rowspan="1">1558932877354</td><td rowspan="1">30558</td></tr><tr><th colspan="4">Corpuscular Runner: Log out &#8212; skipped</th></tr><tr class="skippedeven"><td rowspan="1">Tests.TestsRunner</td><td><a href="#m16">logingOut</a></td><td rowspan="1">1558932907912</td><td rowspan="1">0</td></tr><tr><th colspan="4">Corpuscular Runner: Log out &#8212; passed</th></tr><tr class="passedeven"><td rowspan="4">Tests.TestsRunner</td><td><a href="#m17">checkDraftFolder</a></td><td rowspan="1">1558932875805</td><td rowspan="1">1548</td></tr><tr class="passedeven"><td><a href="#m18">login</a></td><td rowspan="1">1558932855922</td><td rowspan="1">4278</td></tr><tr class="passedeven"><td><a href="#m19">newLetterSavedInDraft</a></td><td rowspan="1">1558932860201</td><td rowspan="1">14003</td></tr><tr class="passedeven"><td><a href="#m20">verifyAndSendDraft</a></td><td rowspan="1">1558932874205</td><td rowspan="1">1599</td></tr></tbody>
</table>
<h2>Corpuscular Runner: Login</h2><h3 id="m0">Tests.TestsRunner#login</h3><table class="result"><tr><th class="invisible"/></tr></table><p class="totop"><a href="#summary">back to summary</a></p>
<h2>Corpuscular Runner: New Letter Save in Draft</h2><h3 id="m1">Tests.TestsRunner#login</h3><table class="result"><tr><th class="invisible"/></tr></table><p class="totop"><a href="#summary">back to summary</a></p>
<h3 id="m2">Tests.TestsRunner#newLetterSavedInDraft</h3><table class="result"><tr><th class="invisible"/></tr></table><p class="totop"><a href="#summary">back to summary</a></p>
<h2>Corpuscular Runner: Verify the letter and send it</h2><h3 id="m3">Tests.TestsRunner#login</h3><table class="result"><tr><th class="invisible"/></tr></table><p class="totop"><a href="#summary">back to summary</a></p>
<h3 id="m4">Tests.TestsRunner#newLetterSavedInDraft</h3><table class="result"><tr><th class="invisible"/></tr></table><p class="totop"><a href="#summary">back to summary</a></p>
<h3 id="m5">Tests.TestsRunner#verifyAndSendDraft</h3><table class="result"><tr><th class="invisible"/></tr></table><p class="totop"><a href="#summary">back to summary</a></p>
<h2>Corpuscular Runner: Check draft letters folder</h2><h3 id="m6">Tests.TestsRunner#checkDraftFolder</h3><table class="result"><tr><th class="invisible"/></tr></table><p class="totop"><a href="#summary">back to summary</a></p>
<h3 id="m7">Tests.TestsRunner#login</h3><table class="result"><tr><th class="invisible"/></tr></table><p class="totop"><a href="#summary">back to summary</a></p>
<h3 id="m8">Tests.TestsRunner#newLetterSavedInDraft</h3><table class="result"><tr><th class="invisible"/></tr></table><p class="totop"><a href="#summary">back to summary</a></p>
<h3 id="m9">Tests.TestsRunner#verifyAndSendDraft</h3><table class="result"><tr><th class="invisible"/></tr></table><p class="totop"><a href="#summary">back to summary</a></p>
<h2>Corpuscular Runner: Check SentLetters folder</h2><h3 id="m10">Tests.TestsRunner#checkSentLetterFolder</h3><table class="result"><tr><th>Exception</th></tr><tr><td><div class="stacktrace">org.openqa.selenium.TimeoutException: Expected condition failed: waiting for text (&apos;AT-WD-№-13&apos;) to be present in element [[ChromeDriver: chrome on XP (9862c1c3f460d2efebe5193730424f90)] -&gt; xpath: //div[@class=&apos;mail-MessageSnippet-Content&apos;]] (tried for 30 second(s) with 60 milliseconds interval)
Build info: version: &apos;3.14.0&apos;, revision: &apos;aacccce0&apos;, time: &apos;2018-08-02T20:19:58.91Z&apos;
System info: host: &apos;DESKTOP-94SQPTM&apos;, ip: &apos;192.168.12.36&apos;, os.name: &apos;Windows 10&apos;, os.arch: &apos;amd64&apos;, os.version: &apos;10.0&apos;, java.version: &apos;1.8.0_181&apos;
Driver info: org.openqa.selenium.chrome.ChromeDriver
Capabilities {acceptInsecureCerts: false, acceptSslCerts: false, applicationCacheEnabled: false, browserConnectionEnabled: false, browserName: chrome, chrome: {chromedriverVersion: 2.46.628402 (536cd7adbad73a..., userDataDir: C:\Users\adaky\AppData\Loca...}, cssSelectorsEnabled: true, databaseEnabled: false, goog:chromeOptions: {debuggerAddress: localhost:50677}, handlesAlerts: true, hasTouchScreen: false, javascriptEnabled: true, locationContextEnabled: true, mobileEmulationEnabled: false, nativeEvents: true, networkConnectionEnabled: false, pageLoadStrategy: normal, platform: XP, platformName: XP, proxy: Proxy(), rotatable: false, setWindowRect: true, strictFileInteractability: false, takesHeapSnapshot: true, takesScreenshot: true, timeouts: {implicit: 0, pageLoad: 300000, script: 30000}, unexpectedAlertBehaviour: ignore, unhandledPromptBehavior: ignore, version: 74.0.3729.169, webStorageEnabled: true}
Session ID: 9862c1c3f460d2efebe5193730424f90
	at org.openqa.selenium.support.ui.WebDriverWait.timeoutException(WebDriverWait.java:113)
	at org.openqa.selenium.support.ui.FluentWait.until(FluentWait.java:283)
	at services.SendDraftMail.checkFolders(SendDraftMail.java:45)
	at Tests.TestsRunner.checkSentLetterFolder(TestsRunner.java:64)
	at runners.SuiteRunner.main(SuiteRunner.java:30)
... Removed 23 stack frames</div></td></tr></table><p class="totop"><a href="#summary">back to summary</a></p>
<h3 id="m11">Tests.TestsRunner#checkDraftFolder</h3><table class="result"><tr><th class="invisible"/></tr></table><p class="totop"><a href="#summary">back to summary</a></p>
<h3 id="m12">Tests.TestsRunner#login</h3><table class="result"><tr><th class="invisible"/></tr></table><p class="totop"><a href="#summary">back to summary</a></p>
<h3 id="m13">Tests.TestsRunner#newLetterSavedInDraft</h3><table class="result"><tr><th class="invisible"/></tr></table><p class="totop"><a href="#summary">back to summary</a></p>
<h3 id="m14">Tests.TestsRunner#verifyAndSendDraft</h3><table class="result"><tr><th class="invisible"/></tr></table><p class="totop"><a href="#summary">back to summary</a></p>
<h2>Corpuscular Runner: Log out</h2><h3 id="m15">Tests.TestsRunner#checkSentLetterFolder</h3><table class="result"><tr><th>Exception</th></tr><tr><td><div class="stacktrace">org.openqa.selenium.TimeoutException: Expected condition failed: waiting for text (&apos;AT-WD-№-13&apos;) to be present in element [[ChromeDriver: chrome on XP (c0a7b1b0d6aeb61d99d197c177ed89a5)] -&gt; xpath: //div[@class=&apos;mail-MessageSnippet-Content&apos;]] (tried for 30 second(s) with 60 milliseconds interval)
Build info: version: &apos;3.14.0&apos;, revision: &apos;aacccce0&apos;, time: &apos;2018-08-02T20:19:58.91Z&apos;
System info: host: &apos;DESKTOP-94SQPTM&apos;, ip: &apos;192.168.12.36&apos;, os.name: &apos;Windows 10&apos;, os.arch: &apos;amd64&apos;, os.version: &apos;10.0&apos;, java.version: &apos;1.8.0_181&apos;
Driver info: org.openqa.selenium.chrome.ChromeDriver
Capabilities {acceptInsecureCerts: false, acceptSslCerts: false, applicationCacheEnabled: false, browserConnectionEnabled: false, browserName: chrome, chrome: {chromedriverVersion: 2.46.628402 (536cd7adbad73a..., userDataDir: C:\Users\adaky\AppData\Loca...}, cssSelectorsEnabled: true, databaseEnabled: false, goog:chromeOptions: {debuggerAddress: localhost:50756}, handlesAlerts: true, hasTouchScreen: false, javascriptEnabled: true, locationContextEnabled: true, mobileEmulationEnabled: false, nativeEvents: true, networkConnectionEnabled: false, pageLoadStrategy: normal, platform: XP, platformName: XP, proxy: Proxy(), rotatable: false, setWindowRect: true, strictFileInteractability: false, takesHeapSnapshot: true, takesScreenshot: true, timeouts: {implicit: 0, pageLoad: 300000, script: 30000}, unexpectedAlertBehaviour: ignore, unhandledPromptBehavior: ignore, version: 74.0.3729.169, webStorageEnabled: true}
Session ID: c0a7b1b0d6aeb61d99d197c177ed89a5
	at org.openqa.selenium.support.ui.WebDriverWait.timeoutException(WebDriverWait.java:113)
	at org.openqa.selenium.support.ui.FluentWait.until(FluentWait.java:283)
	at services.SendDraftMail.checkFolders(SendDraftMail.java:45)
	at Tests.TestsRunner.checkSentLetterFolder(TestsRunner.java:64)
	at runners.SuiteRunner.main(SuiteRunner.java:30)
... Removed 23 stack frames</div></td></tr></table><p class="totop"><a href="#summary">back to summary</a></p>
<h3 id="m16">Tests.TestsRunner#logingOut</h3><table class="result"><tr><th>Exception</th></tr><tr><td><div class="stacktrace">java.lang.Throwable: Method TestsRunner.logingOut()[pri:0, instance:Tests.TestsRunner@75bd9247] depends on not successfully finished methods
	at runners.SuiteRunner.main(SuiteRunner.java:30)
... Removed 16 stack frames</div></td></tr></table><p class="totop"><a href="#summary">back to summary</a></p>
<h3 id="m17">Tests.TestsRunner#checkDraftFolder</h3><table class="result"><tr><th class="invisible"/></tr></table><p class="totop"><a href="#summary">back to summary</a></p>
<h3 id="m18">Tests.TestsRunner#login</h3><table class="result"><tr><th class="invisible"/></tr></table><p class="totop"><a href="#summary">back to summary</a></p>
<h3 id="m19">Tests.TestsRunner#newLetterSavedInDraft</h3><table class="result"><tr><th class="invisible"/></tr></table><p class="totop"><a href="#summary">back to summary</a></p>
<h3 id="m20">Tests.TestsRunner#verifyAndSendDraft</h3><table class="result"><tr><th class="invisible"/></tr></table><p class="totop"><a href="#summary">back to summary</a></p>
</body>
</html>
