<?xml version="1.0" encoding="UTF-8"?>
<testng-results skipped="1" failed="2" ignored="15" total="36" passed="18">
  <reporter-output>
  </reporter-output>
  <suite name="AT_Email:Suite" duration-ms="0" started-at="2019-05-27T04:55:10Z" finished-at="2019-05-27T04:55:10Z">
    <groups>
    </groups>
  </suite> <!-- AT_Email:Suite -->
  <suite name="AT_Email:Suite (0)" duration-ms="237419" started-at="2019-05-27T04:51:12Z" finished-at="2019-05-27T04:55:10Z">
    <groups>
    </groups>
    <test name="Corpuscular Runner: Login" duration-ms="18025" started-at="2019-05-27T04:51:12Z" finished-at="2019-05-27T04:51:30Z">
      <class name="Tests.TestsRunner">
        <test-method status="PASS" signature="init()[pri:0, instance:Tests.TestsRunner@445b84c0]" name="init" is-config="true" duration-ms="12813" started-at="2019-05-27T04:51:12Z" finished-at="2019-05-27T04:51:25Z">
          <reporter-output>
          </reporter-output>
        </test-method> <!-- init -->
        <test-method status="PASS" signature="login()[pri:0, instance:Tests.TestsRunner@445b84c0]" name="login" duration-ms="4622" started-at="2019-05-27T04:51:25Z" finished-at="2019-05-27T04:51:30Z">
          <reporter-output>
          </reporter-output>
        </test-method> <!-- login -->
        <test-method status="PASS" signature="tearDown()[pri:0, instance:Tests.TestsRunner@445b84c0]" name="tearDown" is-config="true" duration-ms="531" started-at="2019-05-27T04:51:30Z" finished-at="2019-05-27T04:51:30Z">
          <reporter-output>
          </reporter-output>
        </test-method> <!-- tearDown -->
      </class> <!-- Tests.TestsRunner -->
    </test> <!-- Corpuscular Runner: Login -->
    <test name="Corpuscular Runner: New Letter Save in Draft" duration-ms="33575" started-at="2019-05-27T04:51:30Z" finished-at="2019-05-27T04:52:04Z">
      <class name="Tests.TestsRunner">
        <test-method status="PASS" signature="init()[pri:0, instance:Tests.TestsRunner@256216b3]" name="init" is-config="true" duration-ms="8745" started-at="2019-05-27T04:51:30Z" finished-at="2019-05-27T04:51:39Z">
          <reporter-output>
          </reporter-output>
        </test-method> <!-- init -->
        <test-method status="PASS" signature="login()[pri:0, instance:Tests.TestsRunner@256216b3]" name="login" duration-ms="6156" started-at="2019-05-27T04:51:39Z" finished-at="2019-05-27T04:51:45Z">
          <reporter-output>
          </reporter-output>
        </test-method> <!-- login -->
        <test-method status="PASS" signature="newLetterSavedInDraft()[pri:0, instance:Tests.TestsRunner@256216b3]" name="newLetterSavedInDraft" duration-ms="16133" started-at="2019-05-27T04:51:45Z" finished-at="2019-05-27T04:52:01Z">
          <reporter-output>
          </reporter-output>
        </test-method> <!-- newLetterSavedInDraft -->
        <test-method status="PASS" signature="tearDown()[pri:0, instance:Tests.TestsRunner@256216b3]" name="tearDown" is-config="true" duration-ms="2538" started-at="2019-05-27T04:52:01Z" finished-at="2019-05-27T04:52:04Z">
          <reporter-output>
          </reporter-output>
        </test-method> <!-- tearDown -->
      </class> <!-- Tests.TestsRunner -->
    </test> <!-- Corpuscular Runner: New Letter Save in Draft -->
    <test name="Corpuscular Runner: Verify the letter and send it" duration-ms="28584" started-at="2019-05-27T04:52:04Z" finished-at="2019-05-27T04:52:33Z">
      <class name="Tests.TestsRunner">
        <test-method status="PASS" signature="init()[pri:0, instance:Tests.TestsRunner@1b40d5f0]" name="init" is-config="true" duration-ms="7958" started-at="2019-05-27T04:52:04Z" finished-at="2019-05-27T04:52:12Z">
          <reporter-output>
          </reporter-output>
        </test-method> <!-- init -->
        <test-method status="PASS" signature="login()[pri:0, instance:Tests.TestsRunner@1b40d5f0]" name="login" duration-ms="4142" started-at="2019-05-27T04:52:12Z" finished-at="2019-05-27T04:52:16Z">
          <reporter-output>
          </reporter-output>
        </test-method> <!-- login -->
        <test-method status="PASS" signature="newLetterSavedInDraft()[pri:0, instance:Tests.TestsRunner@1b40d5f0]" name="newLetterSavedInDraft" duration-ms="13947" started-at="2019-05-27T04:52:16Z" finished-at="2019-05-27T04:52:30Z">
          <reporter-output>
          </reporter-output>
        </test-method> <!-- newLetterSavedInDraft -->
        <test-method status="PASS" signature="verifyAndSendDraft()[pri:0, instance:Tests.TestsRunner@1b40d5f0]" name="verifyAndSendDraft" duration-ms="1803" started-at="2019-05-27T04:52:30Z" finished-at="2019-05-27T04:52:32Z">
          <reporter-output>
          </reporter-output>
        </test-method> <!-- verifyAndSendDraft -->
        <test-method status="PASS" signature="tearDown()[pri:0, instance:Tests.TestsRunner@1b40d5f0]" name="tearDown" is-config="true" duration-ms="731" started-at="2019-05-27T04:52:32Z" finished-at="2019-05-27T04:52:33Z">
          <reporter-output>
          </reporter-output>
        </test-method> <!-- tearDown -->
      </class> <!-- Tests.TestsRunner -->
    </test> <!-- Corpuscular Runner: Verify the letter and send it -->
    <test name="Corpuscular Runner: Check draft letters folder" duration-ms="33280" started-at="2019-05-27T04:52:33Z" finished-at="2019-05-27T04:53:06Z">
      <class name="Tests.TestsRunner">
        <test-method status="PASS" signature="init()[pri:0, instance:Tests.TestsRunner@19bb089b]" name="init" is-config="true" duration-ms="8158" started-at="2019-05-27T04:52:33Z" finished-at="2019-05-27T04:52:41Z">
          <reporter-output>
          </reporter-output>
        </test-method> <!-- init -->
        <test-method status="PASS" signature="login()[pri:0, instance:Tests.TestsRunner@19bb089b]" name="login" duration-ms="4192" started-at="2019-05-27T04:52:41Z" finished-at="2019-05-27T04:52:45Z">
          <reporter-output>
          </reporter-output>
        </test-method> <!-- login -->
        <test-method status="PASS" signature="newLetterSavedInDraft()[pri:0, instance:Tests.TestsRunner@19bb089b]" name="newLetterSavedInDraft" duration-ms="15273" started-at="2019-05-27T04:52:45Z" finished-at="2019-05-27T04:53:00Z">
          <reporter-output>
          </reporter-output>
        </test-method> <!-- newLetterSavedInDraft -->
        <test-method status="PASS" signature="verifyAndSendDraft()[pri:0, instance:Tests.TestsRunner@19bb089b]" name="verifyAndSendDraft" duration-ms="1915" started-at="2019-05-27T04:53:00Z" finished-at="2019-05-27T04:53:02Z">
          <reporter-output>
          </reporter-output>
        </test-method> <!-- verifyAndSendDraft -->
        <test-method status="PASS" signature="checkDraftFolder()[pri:0, instance:Tests.TestsRunner@19bb089b]" name="checkDraftFolder" duration-ms="3071" started-at="2019-05-27T04:53:02Z" depends-on-methods="Tests.TestsRunner.verifyAndSendDraft" finished-at="2019-05-27T04:53:05Z">
          <reporter-output>
          </reporter-output>
        </test-method> <!-- checkDraftFolder -->
        <test-method status="PASS" signature="tearDown()[pri:0, instance:Tests.TestsRunner@19bb089b]" name="tearDown" is-config="true" duration-ms="663" started-at="2019-05-27T04:53:05Z" finished-at="2019-05-27T04:53:06Z">
          <reporter-output>
          </reporter-output>
        </test-method> <!-- tearDown -->
      </class> <!-- Tests.TestsRunner -->
    </test> <!-- Corpuscular Runner: Check draft letters folder -->
    <test name="Corpuscular Runner: Check SentLetters folder" duration-ms="61876" started-at="2019-05-27T04:53:06Z" finished-at="2019-05-27T04:54:08Z">
      <class name="Tests.TestsRunner">
        <test-method status="PASS" signature="init()[pri:0, instance:Tests.TestsRunner@7cf10a6f]" name="init" is-config="true" duration-ms="8358" started-at="2019-05-27T04:53:06Z" finished-at="2019-05-27T04:53:14Z">
          <reporter-output>
          </reporter-output>
        </test-method> <!-- init -->
        <test-method status="PASS" signature="login()[pri:0, instance:Tests.TestsRunner@7cf10a6f]" name="login" duration-ms="4325" started-at="2019-05-27T04:53:14Z" finished-at="2019-05-27T04:53:19Z">
          <reporter-output>
          </reporter-output>
        </test-method> <!-- login -->
        <test-method status="PASS" signature="newLetterSavedInDraft()[pri:0, instance:Tests.TestsRunner@7cf10a6f]" name="newLetterSavedInDraft" duration-ms="15074" started-at="2019-05-27T04:53:19Z" finished-at="2019-05-27T04:53:34Z">
          <reporter-output>
          </reporter-output>
        </test-method> <!-- newLetterSavedInDraft -->
        <test-method status="PASS" signature="verifyAndSendDraft()[pri:0, instance:Tests.TestsRunner@7cf10a6f]" name="verifyAndSendDraft" duration-ms="1467" started-at="2019-05-27T04:53:34Z" finished-at="2019-05-27T04:53:35Z">
          <reporter-output>
          </reporter-output>
        </test-method> <!-- verifyAndSendDraft -->
        <test-method status="PASS" signature="checkDraftFolder()[pri:0, instance:Tests.TestsRunner@7cf10a6f]" name="checkDraftFolder" duration-ms="1520" started-at="2019-05-27T04:53:35Z" depends-on-methods="Tests.TestsRunner.verifyAndSendDraft" finished-at="2019-05-27T04:53:37Z">
          <reporter-output>
          </reporter-output>
        </test-method> <!-- checkDraftFolder -->
        <test-method status="FAIL" signature="checkSentLetterFolder()[pri:0, instance:Tests.TestsRunner@7cf10a6f]" name="checkSentLetterFolder" duration-ms="30662" started-at="2019-05-27T04:53:37Z" depends-on-methods="Tests.TestsRunner.checkDraftFolder" finished-at="2019-05-27T04:54:07Z">
          <exception class="org.openqa.selenium.TimeoutException">
            <message>
              <![CDATA[Expected condition failed: waiting for text ('AT-WD-№-13') to be present in element [[ChromeDriver: chrome on XP (9862c1c3f460d2efebe5193730424f90)] -> xpath: //div[@class='mail-MessageSnippet-Content']] (tried for 30 second(s) with 60 milliseconds interval)
Build info: version: '3.14.0', revision: 'aacccce0', time: '2018-08-02T20:19:58.91Z'
System info: host: 'DESKTOP-94SQPTM', ip: '192.168.12.36', os.name: 'Windows 10', os.arch: 'amd64', os.version: '10.0', java.version: '1.8.0_181'
Driver info: org.openqa.selenium.chrome.ChromeDriver
Capabilities {acceptInsecureCerts: false, acceptSslCerts: false, applicationCacheEnabled: false, browserConnectionEnabled: false, browserName: chrome, chrome: {chromedriverVersion: 2.46.628402 (536cd7adbad73a..., userDataDir: C:\Users\adaky\AppData\Loca...}, cssSelectorsEnabled: true, databaseEnabled: false, goog:chromeOptions: {debuggerAddress: localhost:50677}, handlesAlerts: true, hasTouchScreen: false, javascriptEnabled: true, locationContextEnabled: true, mobileEmulationEnabled: false, nativeEvents: true, networkConnectionEnabled: false, pageLoadStrategy: normal, platform: XP, platformName: XP, proxy: Proxy(), rotatable: false, setWindowRect: true, strictFileInteractability: false, takesHeapSnapshot: true, takesScreenshot: true, timeouts: {implicit: 0, pageLoad: 300000, script: 30000}, unexpectedAlertBehaviour: ignore, unhandledPromptBehavior: ignore, version: 74.0.3729.169, webStorageEnabled: true}
Session ID: 9862c1c3f460d2efebe5193730424f90]]>
            </message>
            <full-stacktrace>
              <![CDATA[org.openqa.selenium.TimeoutException: Expected condition failed: waiting for text ('AT-WD-№-13') to be present in element [[ChromeDriver: chrome on XP (9862c1c3f460d2efebe5193730424f90)] -> xpath: //div[@class='mail-MessageSnippet-Content']] (tried for 30 second(s) with 60 milliseconds interval)
Build info: version: '3.14.0', revision: 'aacccce0', time: '2018-08-02T20:19:58.91Z'
System info: host: 'DESKTOP-94SQPTM', ip: '192.168.12.36', os.name: 'Windows 10', os.arch: 'amd64', os.version: '10.0', java.version: '1.8.0_181'
Driver info: org.openqa.selenium.chrome.ChromeDriver
Capabilities {acceptInsecureCerts: false, acceptSslCerts: false, applicationCacheEnabled: false, browserConnectionEnabled: false, browserName: chrome, chrome: {chromedriverVersion: 2.46.628402 (536cd7adbad73a..., userDataDir: C:\Users\adaky\AppData\Loca...}, cssSelectorsEnabled: true, databaseEnabled: false, goog:chromeOptions: {debuggerAddress: localhost:50677}, handlesAlerts: true, hasTouchScreen: false, javascriptEnabled: true, locationContextEnabled: true, mobileEmulationEnabled: false, nativeEvents: true, networkConnectionEnabled: false, pageLoadStrategy: normal, platform: XP, platformName: XP, proxy: Proxy(), rotatable: false, setWindowRect: true, strictFileInteractability: false, takesHeapSnapshot: true, takesScreenshot: true, timeouts: {implicit: 0, pageLoad: 300000, script: 30000}, unexpectedAlertBehaviour: ignore, unhandledPromptBehavior: ignore, version: 74.0.3729.169, webStorageEnabled: true}
Session ID: 9862c1c3f460d2efebe5193730424f90
at org.openqa.selenium.support.ui.WebDriverWait.timeoutException(WebDriverWait.java:113)
at org.openqa.selenium.support.ui.FluentWait.until(FluentWait.java:283)
at services.SendDraftMail.checkFolders(SendDraftMail.java:45)
at Tests.TestsRunner.checkSentLetterFolder(TestsRunner.java:64)
at sun.reflect.NativeMethodAccessorImpl.invoke0(Native Method)
at sun.reflect.NativeMethodAccessorImpl.invoke(NativeMethodAccessorImpl.java:62)
at sun.reflect.DelegatingMethodAccessorImpl.invoke(DelegatingMethodAccessorImpl.java:43)
at java.lang.reflect.Method.invoke(Method.java:498)
at org.testng.internal.MethodInvocationHelper.invokeMethod(MethodInvocationHelper.java:124)
at org.testng.internal.Invoker.invokeMethod(Invoker.java:580)
at org.testng.internal.Invoker.invokeTestMethod(Invoker.java:716)
at org.testng.internal.Invoker.invokeTestMethods(Invoker.java:988)
at org.testng.internal.TestMethodWorker.invokeTestMethods(TestMethodWorker.java:125)
at org.testng.internal.TestMethodWorker.run(TestMethodWorker.java:109)
at org.testng.TestRunner.privateRun(TestRunner.java:648)
at org.testng.TestRunner.run(TestRunner.java:505)
at org.testng.SuiteRunner.runTest(SuiteRunner.java:455)
at org.testng.SuiteRunner.runSequentially(SuiteRunner.java:450)
at org.testng.SuiteRunner.privateRun(SuiteRunner.java:415)
at org.testng.SuiteRunner.run(SuiteRunner.java:364)
at org.testng.SuiteRunnerWorker.runSuite(SuiteRunnerWorker.java:52)
at org.testng.SuiteRunnerWorker.run(SuiteRunnerWorker.java:84)
at org.testng.TestNG.runSuitesSequentially(TestNG.java:1208)
at org.testng.TestNG.runSuitesSequentially(TestNG.java:1204)
at org.testng.TestNG.runSuitesLocally(TestNG.java:1137)
at org.testng.TestNG.runSuites(TestNG.java:1049)
at org.testng.TestNG.run(TestNG.java:1017)
at runners.SuiteRunner.main(SuiteRunner.java:30)
]]>
            </full-stacktrace>
          </exception> <!-- org.openqa.selenium.TimeoutException -->
          <reporter-output>
          </reporter-output>
        </test-method> <!-- checkSentLetterFolder -->
        <test-method status="PASS" signature="tearDown()[pri:0, instance:Tests.TestsRunner@7cf10a6f]" name="tearDown" is-config="true" duration-ms="467" started-at="2019-05-27T04:54:07Z" finished-at="2019-05-27T04:54:08Z">
          <reporter-output>
          </reporter-output>
        </test-method> <!-- tearDown -->
      </class> <!-- Tests.TestsRunner -->
    </test> <!-- Corpuscular Runner: Check SentLetters folder -->
    <test name="Corpuscular Runner: Log out" duration-ms="61945" started-at="2019-05-27T04:54:08Z" finished-at="2019-05-27T04:55:10Z">
      <class name="Tests.TestsRunner">
        <test-method status="PASS" signature="init()[pri:0, instance:Tests.TestsRunner@75bd9247]" name="init" is-config="true" duration-ms="7608" started-at="2019-05-27T04:54:08Z" finished-at="2019-05-27T04:54:15Z">
          <reporter-output>
          </reporter-output>
        </test-method> <!-- init -->
        <test-method status="PASS" signature="login()[pri:0, instance:Tests.TestsRunner@75bd9247]" name="login" duration-ms="4278" started-at="2019-05-27T04:54:15Z" finished-at="2019-05-27T04:54:20Z">
          <reporter-output>
          </reporter-output>
        </test-method> <!-- login -->
        <test-method status="PASS" signature="newLetterSavedInDraft()[pri:0, instance:Tests.TestsRunner@75bd9247]" name="newLetterSavedInDraft" duration-ms="14003" started-at="2019-05-27T04:54:20Z" finished-at="2019-05-27T04:54:34Z">
          <reporter-output>
          </reporter-output>
        </test-method> <!-- newLetterSavedInDraft -->
        <test-method status="PASS" signature="verifyAndSendDraft()[pri:0, instance:Tests.TestsRunner@75bd9247]" name="verifyAndSendDraft" duration-ms="1599" started-at="2019-05-27T04:54:34Z" finished-at="2019-05-27T04:54:35Z">
          <reporter-output>
          </reporter-output>
        </test-method> <!-- verifyAndSendDraft -->
        <test-method status="PASS" signature="checkDraftFolder()[pri:0, instance:Tests.TestsRunner@75bd9247]" name="checkDraftFolder" duration-ms="1548" started-at="2019-05-27T04:54:35Z" depends-on-methods="Tests.TestsRunner.verifyAndSendDraft" finished-at="2019-05-27T04:54:37Z">
          <reporter-output>
          </reporter-output>
        </test-method> <!-- checkDraftFolder -->
        <test-method status="FAIL" signature="checkSentLetterFolder()[pri:0, instance:Tests.TestsRunner@75bd9247]" name="checkSentLetterFolder" duration-ms="30558" started-at="2019-05-27T04:54:37Z" depends-on-methods="Tests.TestsRunner.checkDraftFolder" finished-at="2019-05-27T04:55:07Z">
          <exception class="org.openqa.selenium.TimeoutException">
            <message>
              <![CDATA[Expected condition failed: waiting for text ('AT-WD-№-13') to be present in element [[ChromeDriver: chrome on XP (c0a7b1b0d6aeb61d99d197c177ed89a5)] -> xpath: //div[@class='mail-MessageSnippet-Content']] (tried for 30 second(s) with 60 milliseconds interval)
Build info: version: '3.14.0', revision: 'aacccce0', time: '2018-08-02T20:19:58.91Z'
System info: host: 'DESKTOP-94SQPTM', ip: '192.168.12.36', os.name: 'Windows 10', os.arch: 'amd64', os.version: '10.0', java.version: '1.8.0_181'
Driver info: org.openqa.selenium.chrome.ChromeDriver
Capabilities {acceptInsecureCerts: false, acceptSslCerts: false, applicationCacheEnabled: false, browserConnectionEnabled: false, browserName: chrome, chrome: {chromedriverVersion: 2.46.628402 (536cd7adbad73a..., userDataDir: C:\Users\adaky\AppData\Loca...}, cssSelectorsEnabled: true, databaseEnabled: false, goog:chromeOptions: {debuggerAddress: localhost:50756}, handlesAlerts: true, hasTouchScreen: false, javascriptEnabled: true, locationContextEnabled: true, mobileEmulationEnabled: false, nativeEvents: true, networkConnectionEnabled: false, pageLoadStrategy: normal, platform: XP, platformName: XP, proxy: Proxy(), rotatable: false, setWindowRect: true, strictFileInteractability: false, takesHeapSnapshot: true, takesScreenshot: true, timeouts: {implicit: 0, pageLoad: 300000, script: 30000}, unexpectedAlertBehaviour: ignore, unhandledPromptBehavior: ignore, version: 74.0.3729.169, webStorageEnabled: true}
Session ID: c0a7b1b0d6aeb61d99d197c177ed89a5]]>
            </message>
            <full-stacktrace>
              <![CDATA[org.openqa.selenium.TimeoutException: Expected condition failed: waiting for text ('AT-WD-№-13') to be present in element [[ChromeDriver: chrome on XP (c0a7b1b0d6aeb61d99d197c177ed89a5)] -> xpath: //div[@class='mail-MessageSnippet-Content']] (tried for 30 second(s) with 60 milliseconds interval)
Build info: version: '3.14.0', revision: 'aacccce0', time: '2018-08-02T20:19:58.91Z'
System info: host: 'DESKTOP-94SQPTM', ip: '192.168.12.36', os.name: 'Windows 10', os.arch: 'amd64', os.version: '10.0', java.version: '1.8.0_181'
Driver info: org.openqa.selenium.chrome.ChromeDriver
Capabilities {acceptInsecureCerts: false, acceptSslCerts: false, applicationCacheEnabled: false, browserConnectionEnabled: false, browserName: chrome, chrome: {chromedriverVersion: 2.46.628402 (536cd7adbad73a..., userDataDir: C:\Users\adaky\AppData\Loca...}, cssSelectorsEnabled: true, databaseEnabled: false, goog:chromeOptions: {debuggerAddress: localhost:50756}, handlesAlerts: true, hasTouchScreen: false, javascriptEnabled: true, locationContextEnabled: true, mobileEmulationEnabled: false, nativeEvents: true, networkConnectionEnabled: false, pageLoadStrategy: normal, platform: XP, platformName: XP, proxy: Proxy(), rotatable: false, setWindowRect: true, strictFileInteractability: false, takesHeapSnapshot: true, takesScreenshot: true, timeouts: {implicit: 0, pageLoad: 300000, script: 30000}, unexpectedAlertBehaviour: ignore, unhandledPromptBehavior: ignore, version: 74.0.3729.169, webStorageEnabled: true}
Session ID: c0a7b1b0d6aeb61d99d197c177ed89a5
at org.openqa.selenium.support.ui.WebDriverWait.timeoutException(WebDriverWait.java:113)
at org.openqa.selenium.support.ui.FluentWait.until(FluentWait.java:283)
at services.SendDraftMail.checkFolders(SendDraftMail.java:45)
at Tests.TestsRunner.checkSentLetterFolder(TestsRunner.java:64)
at sun.reflect.NativeMethodAccessorImpl.invoke0(Native Method)
at sun.reflect.NativeMethodAccessorImpl.invoke(NativeMethodAccessorImpl.java:62)
at sun.reflect.DelegatingMethodAccessorImpl.invoke(DelegatingMethodAccessorImpl.java:43)
at java.lang.reflect.Method.invoke(Method.java:498)
at org.testng.internal.MethodInvocationHelper.invokeMethod(MethodInvocationHelper.java:124)
at org.testng.internal.Invoker.invokeMethod(Invoker.java:580)
at org.testng.internal.Invoker.invokeTestMethod(Invoker.java:716)
at org.testng.internal.Invoker.invokeTestMethods(Invoker.java:988)
at org.testng.internal.TestMethodWorker.invokeTestMethods(TestMethodWorker.java:125)
at org.testng.internal.TestMethodWorker.run(TestMethodWorker.java:109)
at org.testng.TestRunner.privateRun(TestRunner.java:648)
at org.testng.TestRunner.run(TestRunner.java:505)
at org.testng.SuiteRunner.runTest(SuiteRunner.java:455)
at org.testng.SuiteRunner.runSequentially(SuiteRunner.java:450)
at org.testng.SuiteRunner.privateRun(SuiteRunner.java:415)
at org.testng.SuiteRunner.run(SuiteRunner.java:364)
at org.testng.SuiteRunnerWorker.runSuite(SuiteRunnerWorker.java:52)
at org.testng.SuiteRunnerWorker.run(SuiteRunnerWorker.java:84)
at org.testng.TestNG.runSuitesSequentially(TestNG.java:1208)
at org.testng.TestNG.runSuitesSequentially(TestNG.java:1204)
at org.testng.TestNG.runSuitesLocally(TestNG.java:1137)
at org.testng.TestNG.runSuites(TestNG.java:1049)
at org.testng.TestNG.run(TestNG.java:1017)
at runners.SuiteRunner.main(SuiteRunner.java:30)
]]>
            </full-stacktrace>
          </exception> <!-- org.openqa.selenium.TimeoutException -->
          <reporter-output>
          </reporter-output>
        </test-method> <!-- checkSentLetterFolder -->
        <test-method status="PASS" signature="tearDown()[pri:0, instance:Tests.TestsRunner@75bd9247]" name="tearDown" is-config="true" duration-ms="2344" started-at="2019-05-27T04:55:07Z" finished-at="2019-05-27T04:55:10Z">
          <reporter-output>
          </reporter-output>
        </test-method> <!-- tearDown -->
        <test-method status="SKIP" signature="logingOut()[pri:0, instance:Tests.TestsRunner@75bd9247]" name="logingOut" duration-ms="0" started-at="2019-05-27T04:55:07Z" depends-on-methods="Tests.TestsRunner.checkSentLetterFolder" finished-at="2019-05-27T04:55:07Z">
          <exception class="java.lang.Throwable">
            <message>
              <![CDATA[Method TestsRunner.logingOut()[pri:0, instance:Tests.TestsRunner@75bd9247] depends on not successfully finished methods]]>
            </message>
            <full-stacktrace>
              <![CDATA[java.lang.Throwable: Method TestsRunner.logingOut()[pri:0, instance:Tests.TestsRunner@75bd9247] depends on not successfully finished methods
at org.testng.internal.Invoker.invokeTestMethods(Invoker.java:887)
at org.testng.internal.TestMethodWorker.invokeTestMethods(TestMethodWorker.java:125)
at org.testng.internal.TestMethodWorker.run(TestMethodWorker.java:109)
at org.testng.TestRunner.privateRun(TestRunner.java:648)
at org.testng.TestRunner.run(TestRunner.java:505)
at org.testng.SuiteRunner.runTest(SuiteRunner.java:455)
at org.testng.SuiteRunner.runSequentially(SuiteRunner.java:450)
at org.testng.SuiteRunner.privateRun(SuiteRunner.java:415)
at org.testng.SuiteRunner.run(SuiteRunner.java:364)
at org.testng.SuiteRunnerWorker.runSuite(SuiteRunnerWorker.java:52)
at org.testng.SuiteRunnerWorker.run(SuiteRunnerWorker.java:84)
at org.testng.TestNG.runSuitesSequentially(TestNG.java:1208)
at org.testng.TestNG.runSuitesSequentially(TestNG.java:1204)
at org.testng.TestNG.runSuitesLocally(TestNG.java:1137)
at org.testng.TestNG.runSuites(TestNG.java:1049)
at org.testng.TestNG.run(TestNG.java:1017)
at runners.SuiteRunner.main(SuiteRunner.java:30)
]]>
            </full-stacktrace>
          </exception> <!-- java.lang.Throwable -->
          <reporter-output>
          </reporter-output>
        </test-method> <!-- logingOut -->
      </class> <!-- Tests.TestsRunner -->
    </test> <!-- Corpuscular Runner: Log out -->
  </suite> <!-- AT_Email:Suite (0) -->
</testng-results>
