<?xml version="1.0" encoding="UTF-8"?>
<testng-results skipped="1" failed="2" ignored="15" total="36" passed="18">
  <reporter-output>
  </reporter-output>
  <suite name="AT_Email:Suite" duration-ms="0" started-at="2019-05-24T13:07:52Z" finished-at="2019-05-24T13:07:52Z">
    <groups>
    </groups>
  </suite> <!-- AT_Email:Suite -->
  <suite name="AT_Email:Suite (0)" duration-ms="197554" started-at="2019-05-24T13:04:34Z" finished-at="2019-05-24T13:07:52Z">
    <groups>
    </groups>
    <test name="Corpuscular Runner: Login" duration-ms="13354" started-at="2019-05-24T13:04:34Z" finished-at="2019-05-24T13:04:48Z">
      <class name="Tests.TestsRunner">
        <test-method status="PASS" signature="init()[pri:0, instance:Tests.TestsRunner@445b84c0]" name="init" is-config="true" duration-ms="9417" started-at="2019-05-24T13:04:34Z" finished-at="2019-05-24T13:04:44Z">
          <reporter-output>
          </reporter-output>
        </test-method> <!-- init -->
        <test-method status="PASS" signature="login()[pri:0, instance:Tests.TestsRunner@445b84c0]" name="login" duration-ms="3542" started-at="2019-05-24T13:04:44Z" finished-at="2019-05-24T13:04:47Z">
          <reporter-output>
          </reporter-output>
        </test-method> <!-- login -->
        <test-method status="PASS" signature="tearDown()[pri:0, instance:Tests.TestsRunner@445b84c0]" name="tearDown" is-config="true" duration-ms="349" started-at="2019-05-24T13:04:47Z" finished-at="2019-05-24T13:04:48Z">
          <reporter-output>
          </reporter-output>
        </test-method> <!-- tearDown -->
      </class> <!-- Tests.TestsRunner -->
    </test> <!-- Corpuscular Runner: Login -->
    <test name="Corpuscular Runner: New Letter Save in Draft" duration-ms="23405" started-at="2019-05-24T13:04:48Z" finished-at="2019-05-24T13:05:11Z">
      <class name="Tests.TestsRunner">
        <test-method status="PASS" signature="init()[pri:0, instance:Tests.TestsRunner@256216b3]" name="init" is-config="true" duration-ms="6963" started-at="2019-05-24T13:04:48Z" finished-at="2019-05-24T13:04:55Z">
          <reporter-output>
          </reporter-output>
        </test-method> <!-- init -->
        <test-method status="PASS" signature="login()[pri:0, instance:Tests.TestsRunner@256216b3]" name="login" duration-ms="4337" started-at="2019-05-24T13:04:55Z" finished-at="2019-05-24T13:04:59Z">
          <reporter-output>
          </reporter-output>
        </test-method> <!-- login -->
        <test-method status="PASS" signature="newLetterSavedInDraft()[pri:0, instance:Tests.TestsRunner@256216b3]" name="newLetterSavedInDraft" duration-ms="9595" started-at="2019-05-24T13:04:59Z" finished-at="2019-05-24T13:05:09Z">
          <reporter-output>
          </reporter-output>
        </test-method> <!-- newLetterSavedInDraft -->
        <test-method status="PASS" signature="tearDown()[pri:0, instance:Tests.TestsRunner@256216b3]" name="tearDown" is-config="true" duration-ms="2509" started-at="2019-05-24T13:05:09Z" finished-at="2019-05-24T13:05:11Z">
          <reporter-output>
          </reporter-output>
        </test-method> <!-- tearDown -->
      </class> <!-- Tests.TestsRunner -->
    </test> <!-- Corpuscular Runner: New Letter Save in Draft -->
    <test name="Corpuscular Runner: Verify the letter and send it" duration-ms="22715" started-at="2019-05-24T13:05:11Z" finished-at="2019-05-24T13:05:34Z">
      <class name="Tests.TestsRunner">
        <test-method status="PASS" signature="init()[pri:0, instance:Tests.TestsRunner@1b40d5f0]" name="init" is-config="true" duration-ms="6603" started-at="2019-05-24T13:05:11Z" finished-at="2019-05-24T13:05:18Z">
          <reporter-output>
          </reporter-output>
        </test-method> <!-- init -->
        <test-method status="PASS" signature="login()[pri:0, instance:Tests.TestsRunner@1b40d5f0]" name="login" duration-ms="3915" started-at="2019-05-24T13:05:18Z" finished-at="2019-05-24T13:05:22Z">
          <reporter-output>
          </reporter-output>
        </test-method> <!-- login -->
        <test-method status="PASS" signature="newLetterSavedInDraft()[pri:0, instance:Tests.TestsRunner@1b40d5f0]" name="newLetterSavedInDraft" duration-ms="8415" started-at="2019-05-24T13:05:22Z" finished-at="2019-05-24T13:05:30Z">
          <reporter-output>
          </reporter-output>
        </test-method> <!-- newLetterSavedInDraft -->
        <test-method status="PASS" signature="verifyAndSendDraft()[pri:0, instance:Tests.TestsRunner@1b40d5f0]" name="verifyAndSendDraft" duration-ms="1024" started-at="2019-05-24T13:05:30Z" finished-at="2019-05-24T13:05:31Z">
          <reporter-output>
          </reporter-output>
        </test-method> <!-- verifyAndSendDraft -->
        <test-method status="PASS" signature="tearDown()[pri:0, instance:Tests.TestsRunner@1b40d5f0]" name="tearDown" is-config="true" duration-ms="2756" started-at="2019-05-24T13:05:31Z" finished-at="2019-05-24T13:05:34Z">
          <reporter-output>
          </reporter-output>
        </test-method> <!-- tearDown -->
      </class> <!-- Tests.TestsRunner -->
    </test> <!-- Corpuscular Runner: Verify the letter and send it -->
    <test name="Corpuscular Runner: Check draft letters folder" duration-ms="22043" started-at="2019-05-24T13:05:34Z" finished-at="2019-05-24T13:05:56Z">
      <class name="Tests.TestsRunner">
        <test-method status="PASS" signature="init()[pri:0, instance:Tests.TestsRunner@19bb089b]" name="init" is-config="true" duration-ms="6571" started-at="2019-05-24T13:05:34Z" finished-at="2019-05-24T13:05:40Z">
          <reporter-output>
          </reporter-output>
        </test-method> <!-- init -->
        <test-method status="PASS" signature="login()[pri:0, instance:Tests.TestsRunner@19bb089b]" name="login" duration-ms="3395" started-at="2019-05-24T13:05:40Z" finished-at="2019-05-24T13:05:44Z">
          <reporter-output>
          </reporter-output>
        </test-method> <!-- login -->
        <test-method status="PASS" signature="newLetterSavedInDraft()[pri:0, instance:Tests.TestsRunner@19bb089b]" name="newLetterSavedInDraft" duration-ms="9180" started-at="2019-05-24T13:05:44Z" finished-at="2019-05-24T13:05:53Z">
          <reporter-output>
          </reporter-output>
        </test-method> <!-- newLetterSavedInDraft -->
        <test-method status="PASS" signature="verifyAndSendDraft()[pri:0, instance:Tests.TestsRunner@19bb089b]" name="verifyAndSendDraft" duration-ms="1455" started-at="2019-05-24T13:05:53Z" finished-at="2019-05-24T13:05:54Z">
          <reporter-output>
          </reporter-output>
        </test-method> <!-- verifyAndSendDraft -->
        <test-method status="PASS" signature="checkDraftFolder()[pri:0, instance:Tests.TestsRunner@19bb089b]" name="checkDraftFolder" duration-ms="925" started-at="2019-05-24T13:05:54Z" depends-on-methods="Tests.TestsRunner.verifyAndSendDraft" finished-at="2019-05-24T13:05:55Z">
          <reporter-output>
          </reporter-output>
        </test-method> <!-- checkDraftFolder -->
        <test-method status="PASS" signature="tearDown()[pri:0, instance:Tests.TestsRunner@19bb089b]" name="tearDown" is-config="true" duration-ms="510" started-at="2019-05-24T13:05:55Z" finished-at="2019-05-24T13:05:56Z">
          <reporter-output>
          </reporter-output>
        </test-method> <!-- tearDown -->
      </class> <!-- Tests.TestsRunner -->
    </test> <!-- Corpuscular Runner: Check draft letters folder -->
    <test name="Corpuscular Runner: Check SentLetters folder" duration-ms="57385" started-at="2019-05-24T13:05:56Z" finished-at="2019-05-24T13:06:53Z">
      <class name="Tests.TestsRunner">
        <test-method status="PASS" signature="init()[pri:0, instance:Tests.TestsRunner@7cf10a6f]" name="init" is-config="true" duration-ms="7187" started-at="2019-05-24T13:05:56Z" finished-at="2019-05-24T13:06:03Z">
          <reporter-output>
          </reporter-output>
        </test-method> <!-- init -->
        <test-method status="PASS" signature="login()[pri:0, instance:Tests.TestsRunner@7cf10a6f]" name="login" duration-ms="4701" started-at="2019-05-24T13:06:03Z" finished-at="2019-05-24T13:06:08Z">
          <reporter-output>
          </reporter-output>
        </test-method> <!-- login -->
        <test-method status="PASS" signature="newLetterSavedInDraft()[pri:0, instance:Tests.TestsRunner@7cf10a6f]" name="newLetterSavedInDraft" duration-ms="10537" started-at="2019-05-24T13:06:08Z" finished-at="2019-05-24T13:06:18Z">
          <reporter-output>
          </reporter-output>
        </test-method> <!-- newLetterSavedInDraft -->
        <test-method status="PASS" signature="verifyAndSendDraft()[pri:0, instance:Tests.TestsRunner@7cf10a6f]" name="verifyAndSendDraft" duration-ms="1168" started-at="2019-05-24T13:06:18Z" finished-at="2019-05-24T13:06:19Z">
          <reporter-output>
          </reporter-output>
        </test-method> <!-- verifyAndSendDraft -->
        <test-method status="PASS" signature="checkDraftFolder()[pri:0, instance:Tests.TestsRunner@7cf10a6f]" name="checkDraftFolder" duration-ms="1066" started-at="2019-05-24T13:06:19Z" depends-on-methods="Tests.TestsRunner.verifyAndSendDraft" finished-at="2019-05-24T13:06:21Z">
          <reporter-output>
          </reporter-output>
        </test-method> <!-- checkDraftFolder -->
        <test-method status="FAIL" signature="checkSentLetterFolder()[pri:0, instance:Tests.TestsRunner@7cf10a6f]" name="checkSentLetterFolder" duration-ms="30440" started-at="2019-05-24T13:06:21Z" depends-on-methods="Tests.TestsRunner.checkDraftFolder" finished-at="2019-05-24T13:06:51Z">
          <exception class="org.openqa.selenium.TimeoutException">
            <message>
              <![CDATA[Expected condition failed: waiting for text ('AT-WD-№-89') to be present in element [[ChromeDriver: chrome on XP (2e33d4965cf0593666fbf59713394c4c)] -> xpath: //div[@class='mail-MessageSnippet-Content']] (tried for 30 second(s) with 60 milliseconds interval)
Build info: version: '3.14.0', revision: 'aacccce0', time: '2018-08-02T20:19:58.91Z'
System info: host: 'DESKTOP-94SQPTM', ip: '192.168.12.36', os.name: 'Windows 10', os.arch: 'amd64', os.version: '10.0', java.version: '1.8.0_181'
Driver info: org.openqa.selenium.chrome.ChromeDriver
Capabilities {acceptInsecureCerts: false, acceptSslCerts: false, applicationCacheEnabled: false, browserConnectionEnabled: false, browserName: chrome, chrome: {chromedriverVersion: 2.46.628402 (536cd7adbad73a..., userDataDir: C:\Users\adaky\AppData\Loca...}, cssSelectorsEnabled: true, databaseEnabled: false, goog:chromeOptions: {debuggerAddress: localhost:52513}, handlesAlerts: true, hasTouchScreen: false, javascriptEnabled: true, locationContextEnabled: true, mobileEmulationEnabled: false, nativeEvents: true, networkConnectionEnabled: false, pageLoadStrategy: normal, platform: XP, platformName: XP, proxy: Proxy(), rotatable: false, setWindowRect: true, strictFileInteractability: false, takesHeapSnapshot: true, takesScreenshot: true, timeouts: {implicit: 0, pageLoad: 300000, script: 30000}, unexpectedAlertBehaviour: ignore, unhandledPromptBehavior: ignore, version: 74.0.3729.169, webStorageEnabled: true}
Session ID: 2e33d4965cf0593666fbf59713394c4c]]>
            </message>
            <full-stacktrace>
              <![CDATA[org.openqa.selenium.TimeoutException: Expected condition failed: waiting for text ('AT-WD-№-89') to be present in element [[ChromeDriver: chrome on XP (2e33d4965cf0593666fbf59713394c4c)] -> xpath: //div[@class='mail-MessageSnippet-Content']] (tried for 30 second(s) with 60 milliseconds interval)
Build info: version: '3.14.0', revision: 'aacccce0', time: '2018-08-02T20:19:58.91Z'
System info: host: 'DESKTOP-94SQPTM', ip: '192.168.12.36', os.name: 'Windows 10', os.arch: 'amd64', os.version: '10.0', java.version: '1.8.0_181'
Driver info: org.openqa.selenium.chrome.ChromeDriver
Capabilities {acceptInsecureCerts: false, acceptSslCerts: false, applicationCacheEnabled: false, browserConnectionEnabled: false, browserName: chrome, chrome: {chromedriverVersion: 2.46.628402 (536cd7adbad73a..., userDataDir: C:\Users\adaky\AppData\Loca...}, cssSelectorsEnabled: true, databaseEnabled: false, goog:chromeOptions: {debuggerAddress: localhost:52513}, handlesAlerts: true, hasTouchScreen: false, javascriptEnabled: true, locationContextEnabled: true, mobileEmulationEnabled: false, nativeEvents: true, networkConnectionEnabled: false, pageLoadStrategy: normal, platform: XP, platformName: XP, proxy: Proxy(), rotatable: false, setWindowRect: true, strictFileInteractability: false, takesHeapSnapshot: true, takesScreenshot: true, timeouts: {implicit: 0, pageLoad: 300000, script: 30000}, unexpectedAlertBehaviour: ignore, unhandledPromptBehavior: ignore, version: 74.0.3729.169, webStorageEnabled: true}
Session ID: 2e33d4965cf0593666fbf59713394c4c
at org.openqa.selenium.support.ui.WebDriverWait.timeoutException(WebDriverWait.java:113)
at org.openqa.selenium.support.ui.FluentWait.until(FluentWait.java:283)
at services.SendDraftMail.checkFolders(SendDraftMail.java:46)
at Tests.TestsRunner.checkSentLetterFolder(TestsRunner.java:64)
at sun.reflect.NativeMethodAccessorImpl.invoke0(Native Method)
at sun.reflect.NativeMethodAccessorImpl.invoke(NativeMethodAccessorImpl.java:62)
at sun.reflect.DelegatingMethodAccessorImpl.invoke(DelegatingMethodAccessorImpl.java:43)
at java.lang.reflect.Method.invoke(Method.java:498)
at org.testng.internal.MethodInvocationHelper.invokeMethod(MethodInvocationHelper.java:124)
at org.testng.internal.Invoker.invokeMethod(Invoker.java:580)
at org.testng.internal.Invoker.invokeTestMethod(Invoker.java:716)
at org.testng.internal.Invoker.invokeTestMethods(Invoker.java:988)
at org.testng.internal.TestMethodWorker.invokeTestMethods(TestMethodWorker.java:125)
at org.testng.internal.TestMethodWorker.run(TestMethodWorker.java:109)
at org.testng.TestRunner.privateRun(TestRunner.java:648)
at org.testng.TestRunner.run(TestRunner.java:505)
at org.testng.SuiteRunner.runTest(SuiteRunner.java:455)
at org.testng.SuiteRunner.runSequentially(SuiteRunner.java:450)
at org.testng.SuiteRunner.privateRun(SuiteRunner.java:415)
at org.testng.SuiteRunner.run(SuiteRunner.java:364)
at org.testng.SuiteRunnerWorker.runSuite(SuiteRunnerWorker.java:52)
at org.testng.SuiteRunnerWorker.run(SuiteRunnerWorker.java:84)
at org.testng.TestNG.runSuitesSequentially(TestNG.java:1208)
at org.testng.TestNG.runSuitesSequentially(TestNG.java:1204)
at org.testng.TestNG.runSuitesLocally(TestNG.java:1137)
at org.testng.TestNG.runSuites(TestNG.java:1049)
at org.testng.TestNG.run(TestNG.java:1017)
at runners.SuiteRunner.main(SuiteRunner.java:29)
]]>
            </full-stacktrace>
          </exception> <!-- org.openqa.selenium.TimeoutException -->
          <reporter-output>
          </reporter-output>
        </test-method> <!-- checkSentLetterFolder -->
        <test-method status="PASS" signature="tearDown()[pri:0, instance:Tests.TestsRunner@7cf10a6f]" name="tearDown" is-config="true" duration-ms="2283" started-at="2019-05-24T13:06:51Z" finished-at="2019-05-24T13:06:53Z">
          <reporter-output>
          </reporter-output>
        </test-method> <!-- tearDown -->
      </class> <!-- Tests.TestsRunner -->
    </test> <!-- Corpuscular Runner: Check SentLetters folder -->
    <test name="Corpuscular Runner: Log out" duration-ms="58553" started-at="2019-05-24T13:06:53Z" finished-at="2019-05-24T13:07:52Z">
      <class name="Tests.TestsRunner">
        <test-method status="PASS" signature="init()[pri:0, instance:Tests.TestsRunner@75bd9247]" name="init" is-config="true" duration-ms="6665" started-at="2019-05-24T13:06:53Z" finished-at="2019-05-24T13:07:00Z">
          <reporter-output>
          </reporter-output>
        </test-method> <!-- init -->
        <test-method status="PASS" signature="login()[pri:0, instance:Tests.TestsRunner@75bd9247]" name="login" duration-ms="8698" started-at="2019-05-24T13:07:00Z" finished-at="2019-05-24T13:07:09Z">
          <reporter-output>
          </reporter-output>
        </test-method> <!-- login -->
        <test-method status="PASS" signature="newLetterSavedInDraft()[pri:0, instance:Tests.TestsRunner@75bd9247]" name="newLetterSavedInDraft" duration-ms="8301" started-at="2019-05-24T13:07:09Z" finished-at="2019-05-24T13:07:17Z">
          <reporter-output>
          </reporter-output>
        </test-method> <!-- newLetterSavedInDraft -->
        <test-method status="PASS" signature="verifyAndSendDraft()[pri:0, instance:Tests.TestsRunner@75bd9247]" name="verifyAndSendDraft" duration-ms="1202" started-at="2019-05-24T13:07:17Z" finished-at="2019-05-24T13:07:18Z">
          <reporter-output>
          </reporter-output>
        </test-method> <!-- verifyAndSendDraft -->
        <test-method status="PASS" signature="checkDraftFolder()[pri:0, instance:Tests.TestsRunner@75bd9247]" name="checkDraftFolder" duration-ms="992" started-at="2019-05-24T13:07:18Z" depends-on-methods="Tests.TestsRunner.verifyAndSendDraft" finished-at="2019-05-24T13:07:19Z">
          <reporter-output>
          </reporter-output>
        </test-method> <!-- checkDraftFolder -->
        <test-method status="FAIL" signature="checkSentLetterFolder()[pri:0, instance:Tests.TestsRunner@75bd9247]" name="checkSentLetterFolder" duration-ms="30421" started-at="2019-05-24T13:07:19Z" depends-on-methods="Tests.TestsRunner.checkDraftFolder" finished-at="2019-05-24T13:07:50Z">
          <exception class="org.openqa.selenium.TimeoutException">
            <message>
              <![CDATA[Expected condition failed: waiting for text ('AT-WD-№-89') to be present in element [[ChromeDriver: chrome on XP (dfa77bbb703142b8cfcd4fac6bff776c)] -> xpath: //div[@class='mail-MessageSnippet-Content']] (tried for 30 second(s) with 60 milliseconds interval)
Build info: version: '3.14.0', revision: 'aacccce0', time: '2018-08-02T20:19:58.91Z'
System info: host: 'DESKTOP-94SQPTM', ip: '192.168.12.36', os.name: 'Windows 10', os.arch: 'amd64', os.version: '10.0', java.version: '1.8.0_181'
Driver info: org.openqa.selenium.chrome.ChromeDriver
Capabilities {acceptInsecureCerts: false, acceptSslCerts: false, applicationCacheEnabled: false, browserConnectionEnabled: false, browserName: chrome, chrome: {chromedriverVersion: 2.46.628402 (536cd7adbad73a..., userDataDir: C:\Users\adaky\AppData\Loca...}, cssSelectorsEnabled: true, databaseEnabled: false, goog:chromeOptions: {debuggerAddress: localhost:52587}, handlesAlerts: true, hasTouchScreen: false, javascriptEnabled: true, locationContextEnabled: true, mobileEmulationEnabled: false, nativeEvents: true, networkConnectionEnabled: false, pageLoadStrategy: normal, platform: XP, platformName: XP, proxy: Proxy(), rotatable: false, setWindowRect: true, strictFileInteractability: false, takesHeapSnapshot: true, takesScreenshot: true, timeouts: {implicit: 0, pageLoad: 300000, script: 30000}, unexpectedAlertBehaviour: ignore, unhandledPromptBehavior: ignore, version: 74.0.3729.169, webStorageEnabled: true}
Session ID: dfa77bbb703142b8cfcd4fac6bff776c]]>
            </message>
            <full-stacktrace>
              <![CDATA[org.openqa.selenium.TimeoutException: Expected condition failed: waiting for text ('AT-WD-№-89') to be present in element [[ChromeDriver: chrome on XP (dfa77bbb703142b8cfcd4fac6bff776c)] -> xpath: //div[@class='mail-MessageSnippet-Content']] (tried for 30 second(s) with 60 milliseconds interval)
Build info: version: '3.14.0', revision: 'aacccce0', time: '2018-08-02T20:19:58.91Z'
System info: host: 'DESKTOP-94SQPTM', ip: '192.168.12.36', os.name: 'Windows 10', os.arch: 'amd64', os.version: '10.0', java.version: '1.8.0_181'
Driver info: org.openqa.selenium.chrome.ChromeDriver
Capabilities {acceptInsecureCerts: false, acceptSslCerts: false, applicationCacheEnabled: false, browserConnectionEnabled: false, browserName: chrome, chrome: {chromedriverVersion: 2.46.628402 (536cd7adbad73a..., userDataDir: C:\Users\adaky\AppData\Loca...}, cssSelectorsEnabled: true, databaseEnabled: false, goog:chromeOptions: {debuggerAddress: localhost:52587}, handlesAlerts: true, hasTouchScreen: false, javascriptEnabled: true, locationContextEnabled: true, mobileEmulationEnabled: false, nativeEvents: true, networkConnectionEnabled: false, pageLoadStrategy: normal, platform: XP, platformName: XP, proxy: Proxy(), rotatable: false, setWindowRect: true, strictFileInteractability: false, takesHeapSnapshot: true, takesScreenshot: true, timeouts: {implicit: 0, pageLoad: 300000, script: 30000}, unexpectedAlertBehaviour: ignore, unhandledPromptBehavior: ignore, version: 74.0.3729.169, webStorageEnabled: true}
Session ID: dfa77bbb703142b8cfcd4fac6bff776c
at org.openqa.selenium.support.ui.WebDriverWait.timeoutException(WebDriverWait.java:113)
at org.openqa.selenium.support.ui.FluentWait.until(FluentWait.java:283)
at services.SendDraftMail.checkFolders(SendDraftMail.java:46)
at Tests.TestsRunner.checkSentLetterFolder(TestsRunner.java:64)
at sun.reflect.NativeMethodAccessorImpl.invoke0(Native Method)
at sun.reflect.NativeMethodAccessorImpl.invoke(NativeMethodAccessorImpl.java:62)
at sun.reflect.DelegatingMethodAccessorImpl.invoke(DelegatingMethodAccessorImpl.java:43)
at java.lang.reflect.Method.invoke(Method.java:498)
at org.testng.internal.MethodInvocationHelper.invokeMethod(MethodInvocationHelper.java:124)
at org.testng.internal.Invoker.invokeMethod(Invoker.java:580)
at org.testng.internal.Invoker.invokeTestMethod(Invoker.java:716)
at org.testng.internal.Invoker.invokeTestMethods(Invoker.java:988)
at org.testng.internal.TestMethodWorker.invokeTestMethods(TestMethodWorker.java:125)
at org.testng.internal.TestMethodWorker.run(TestMethodWorker.java:109)
at org.testng.TestRunner.privateRun(TestRunner.java:648)
at org.testng.TestRunner.run(TestRunner.java:505)
at org.testng.SuiteRunner.runTest(SuiteRunner.java:455)
at org.testng.SuiteRunner.runSequentially(SuiteRunner.java:450)
at org.testng.SuiteRunner.privateRun(SuiteRunner.java:415)
at org.testng.SuiteRunner.run(SuiteRunner.java:364)
at org.testng.SuiteRunnerWorker.runSuite(SuiteRunnerWorker.java:52)
at org.testng.SuiteRunnerWorker.run(SuiteRunnerWorker.java:84)
at org.testng.TestNG.runSuitesSequentially(TestNG.java:1208)
at org.testng.TestNG.runSuitesSequentially(TestNG.java:1204)
at org.testng.TestNG.runSuitesLocally(TestNG.java:1137)
at org.testng.TestNG.runSuites(TestNG.java:1049)
at org.testng.TestNG.run(TestNG.java:1017)
at runners.SuiteRunner.main(SuiteRunner.java:29)
]]>
            </full-stacktrace>
          </exception> <!-- org.openqa.selenium.TimeoutException -->
          <reporter-output>
          </reporter-output>
        </test-method> <!-- checkSentLetterFolder -->
        <test-method status="PASS" signature="tearDown()[pri:0, instance:Tests.TestsRunner@75bd9247]" name="tearDown" is-config="true" duration-ms="2272" started-at="2019-05-24T13:07:50Z" finished-at="2019-05-24T13:07:52Z">
          <reporter-output>
          </reporter-output>
        </test-method> <!-- tearDown -->
        <test-method status="SKIP" signature="logingOut()[pri:0, instance:Tests.TestsRunner@75bd9247]" name="logingOut" duration-ms="0" started-at="2019-05-24T13:07:50Z" depends-on-methods="Tests.TestsRunner.checkSentLetterFolder" finished-at="2019-05-24T13:07:50Z">
          <exception class="java.lang.Throwable">
            <message>
              <![CDATA[Method TestsRunner.logingOut()[pri:0, instance:Tests.TestsRunner@75bd9247] depends on not successfully finished methods]]>
            </message>
            <full-stacktrace>
              <![CDATA[java.lang.Throwable: Method TestsRunner.logingOut()[pri:0, instance:Tests.TestsRunner@75bd9247] depends on not successfully finished methods
at org.testng.internal.Invoker.invokeTestMethods(Invoker.java:887)
at org.testng.internal.TestMethodWorker.invokeTestMethods(TestMethodWorker.java:125)
at org.testng.internal.TestMethodWorker.run(TestMethodWorker.java:109)
at org.testng.TestRunner.privateRun(TestRunner.java:648)
at org.testng.TestRunner.run(TestRunner.java:505)
at org.testng.SuiteRunner.runTest(SuiteRunner.java:455)
at org.testng.SuiteRunner.runSequentially(SuiteRunner.java:450)
at org.testng.SuiteRunner.privateRun(SuiteRunner.java:415)
at org.testng.SuiteRunner.run(SuiteRunner.java:364)
at org.testng.SuiteRunnerWorker.runSuite(SuiteRunnerWorker.java:52)
at org.testng.SuiteRunnerWorker.run(SuiteRunnerWorker.java:84)
at org.testng.TestNG.runSuitesSequentially(TestNG.java:1208)
at org.testng.TestNG.runSuitesSequentially(TestNG.java:1204)
at org.testng.TestNG.runSuitesLocally(TestNG.java:1137)
at org.testng.TestNG.runSuites(TestNG.java:1049)
at org.testng.TestNG.run(TestNG.java:1017)
at runners.SuiteRunner.main(SuiteRunner.java:29)
]]>
            </full-stacktrace>
          </exception> <!-- java.lang.Throwable -->
          <reporter-output>
          </reporter-output>
        </test-method> <!-- logingOut -->
      </class> <!-- Tests.TestsRunner -->
    </test> <!-- Corpuscular Runner: Log out -->
  </suite> <!-- AT_Email:Suite (0) -->
</testng-results>
